<?xml version="1.0" encoding="UTF-8"?>
<!-- Generated by org.testng.reporters.JUnitReportReporter -->
<testsuite skipped="0" hostname="RAKESHKUMAR" name="com.rakesh.testCases.BankManagerLoginTest" tests="1" failures="0" timestamp="12 Apr 2019 18:00:33 GMT" time="3.102" errors="0">
  <testcase name="loginAsBankManager" time="3.102" classname="com.rakesh.testCases.BankManagerLoginTest"/>
</testsuite> <!-- com.rakesh.testCases.BankManagerLoginTest -->
